<?xml version="1.0" encoding="UTF-8"?>
<!-- Generated by org.testng.reporters.JUnitReportReporter -->
<testsuite hostname="LAPTOP-LS0B4K52" failures="0" tests="6" name="planittesting.automation.planit_jupiter_tests.ContactPageTests" time="101.871" errors="0" timestamp="2025-05-20T14:37:39 ACST" skipped="0">
  <testcase classname="planittesting.automation.planit_jupiter_tests.ContactPageTests" name="testSuccessfulContactFormSubmission" time="15.581"/>
  <testcase classname="planittesting.automation.planit_jupiter_tests.ContactPageTests" name="testSuccessfulContactFormSubmission" time="16.521"/>
  <testcase classname="planittesting.automation.planit_jupiter_tests.ContactPageTests" name="testSuccessfulContactFormSubmission" time="15.347"/>
  <testcase classname="planittesting.automation.planit_jupiter_tests.ContactPageTests" name="testSuccessfulContactFormSubmission" time="21.632"/>
  <testcase classname="planittesting.automation.planit_jupiter_tests.ContactPageTests" name="testSuccessfulContactFormSubmission" time="18.592"/>
  <testcase classname="planittesting.automation.planit_jupiter_tests.ContactPageTests" name="testContactFormErrorMessages" time="14.198"/>
</testsuite> <!-- planittesting.automation.planit_jupiter_tests.ContactPageTests -->
