<?xml version="1.0" encoding="UTF-8"?>
<!-- Generated by org.testng.reporters.JUnitReportReporter -->
<testsuite hostname="LAPTOP-LS0B4K52" failures="0" tests="1" name="planittesting.automation.planit_jupiter_tests.ShoppingCartTests" time="13.212" errors="0" timestamp="2025-05-20T14:37:39 ACST" skipped="0">
  <testcase classname="planittesting.automation.planit_jupiter_tests.ShoppingCartTests" name="testShoppingCartFunctionality" time="13.212"/>
</testsuite> <!-- planittesting.automation.planit_jupiter_tests.ShoppingCartTests -->
