<?xml version="1.0" encoding="UTF-8"?>
<!-- Generated by org.testng.reporters.JUnitReportReporter -->
<testsuite hostname="LAPTOP-LS0B4K52" failures="0" tests="6" name="planittesting.automation.planit_jupiter_tests.ContactPageTests" time="83.030" errors="0" timestamp="2025-05-20T13:53:33 ACST" skipped="0">
  <testcase classname="planittesting.automation.planit_jupiter_tests.ContactPageTests" name="testContactFormErrorMessages" time="10.707"/>
  <testcase classname="planittesting.automation.planit_jupiter_tests.ContactPageTests" name="testSuccessfulContactFormSubmission" time="14.243"/>
  <testcase classname="planittesting.automation.planit_jupiter_tests.ContactPageTests" name="testSuccessfulContactFormSubmission" time="15.685"/>
  <testcase classname="planittesting.automation.planit_jupiter_tests.ContactPageTests" name="testSuccessfulContactFormSubmission" time="12.812"/>
  <testcase classname="planittesting.automation.planit_jupiter_tests.ContactPageTests" name="testSuccessfulContactFormSubmission" time="16.716"/>
  <testcase classname="planittesting.automation.planit_jupiter_tests.ContactPageTests" name="testSuccessfulContactFormSubmission" time="12.867"/>
</testsuite> <!-- planittesting.automation.planit_jupiter_tests.ContactPageTests -->
