<?xml version="1.0" encoding="UTF-8"?>
<!-- Generated by org.testng.reporters.JUnitReportReporter -->
<testsuite hostname="LAPTOP-LS0B4K52" failures="0" tests="1" name="planittesting.automation.planit_jupiter_tests.ShoppingCartTests" time="11.754" errors="0" timestamp="2025-05-19T22:06:08 ACST" skipped="0">
  <testcase classname="planittesting.automation.planit_jupiter_tests.ShoppingCartTests" name="testShoppingCartFunctionality" time="11.754"/>
</testsuite> <!-- planittesting.automation.planit_jupiter_tests.ShoppingCartTests -->
