<?xml version="1.0" encoding="UTF-8"?>
<!-- Generated by org.testng.reporters.JUnitReportReporter -->
<testsuite hostname="LAPTOP-LS0B4K52" failures="0" tests="3" name="planittesting.automation.planit_jupiter_tests.ContactPageTests" time="43.879" errors="0" timestamp="2025-05-19T19:30:52 ACST" skipped="0">
  <testcase classname="planittesting.automation.planit_jupiter_tests.ContactPageTests" name="testSuccessfulContactFormSubmission" time="18.684"/>
  <testcase classname="planittesting.automation.planit_jupiter_tests.ContactPageTests" name="testSuccessfulContactFormSubmission" time="15.523"/>
  <testcase classname="planittesting.automation.planit_jupiter_tests.ContactPageTests" name="testContactFormErrorMessages" time="9.672"/>
</testsuite> <!-- planittesting.automation.planit_jupiter_tests.ContactPageTests -->
