<?xml version="1.0" encoding="UTF-8"?>
<!-- Generated by org.testng.reporters.JUnitReportReporter -->
<testsuite hostname="LAPTOP-LS0B4K52" failures="0" tests="6" name="planittesting.automation.planit_jupiter_tests.ContactPageTests" time="109.788" errors="0" timestamp="2025-05-20T14:56:04 ACST" skipped="0">
  <testcase classname="planittesting.automation.planit_jupiter_tests.ContactPageTests" name="testSuccessfulContactFormSubmission" time="14.228"/>
  <testcase classname="planittesting.automation.planit_jupiter_tests.ContactPageTests" name="testContactFormErrorMessages" time="12.055"/>
  <testcase classname="planittesting.automation.planit_jupiter_tests.ContactPageTests" name="testSuccessfulContactFormSubmission" time="32.934"/>
  <testcase classname="planittesting.automation.planit_jupiter_tests.ContactPageTests" name="testSuccessfulContactFormSubmission" time="14.936"/>
  <testcase classname="planittesting.automation.planit_jupiter_tests.ContactPageTests" name="testSuccessfulContactFormSubmission" time="22.275"/>
  <testcase classname="planittesting.automation.planit_jupiter_tests.ContactPageTests" name="testSuccessfulContactFormSubmission" time="13.360"/>
</testsuite> <!-- planittesting.automation.planit_jupiter_tests.ContactPageTests -->
