<?xml version="1.0" encoding="UTF-8"?>
<!-- Generated by org.testng.reporters.JUnitReportReporter -->
<testsuite hostname="LAPTOP-LS0B4K52" failures="0" tests="3" name="planittesting.automation.planit_jupiter_tests.ContactPageTests" time="41.531" errors="0" timestamp="2025-05-18T23:45:53 ACST" skipped="0">
  <testcase classname="planittesting.automation.planit_jupiter_tests.ContactPageTests" name="testSuccessfulContactFormSubmission" time="11.633"/>
  <testcase classname="planittesting.automation.planit_jupiter_tests.ContactPageTests" name="testSuccessfulContactFormSubmission" time="17.893"/>
  <testcase classname="planittesting.automation.planit_jupiter_tests.ContactPageTests" name="testContactFormErrorMessages" time="12.005"/>
</testsuite> <!-- planittesting.automation.planit_jupiter_tests.ContactPageTests -->
